Shimmer3DOrientationExample/build/outputs/logs/manifest-merger-debug-report.txt
-- Merging decision tree log ---
manifest
ADDED from Shimmer_Java_Android_API_v2.10/Shimmer3DOrientationExample/AndroidManifest.xml:2:1-31:12
	xmlns:android
		ADDED from Shimmer_Java_Android_API_v2.10/Shimmer3DOrientationExample/AndroidManifest.xml:2:11-69
	package
		ADDED from Shimmer_Java_Android_API_v2.10/Shimmer3DOrientationExample/AndroidManifest.xml:3:7-53
	android:versionName
		ADDED from Shimmer_Java_Android_API_v2.10/Shimmer3DOrientationExample/AndroidManifest.xml:5:7-32
	android:versionCode
		ADDED from Shimmer_Java_Android_API_v2.10/Shimmer3DOrientationExample/AndroidManifest.xml:4:7-30
		INJECTED from Shimmer_Java_Android_API_v2.10/Shimmer3DOrientationExample/AndroidManifest.xml
		INJECTED from Shimmer_Java_Android_API_v2.10/Shimmer3DOrientationExample/AndroidManifest.xml
uses-sdk
ADDED from Shimmer_Java_Android_API_v2.10/Shimmer3DOrientationExample/AndroidManifest.xml:6:5-8:41
MERGED from [Shimmer_Java_Android_API_v2.10:ShimmerAndroidInstrumentDriver:unspecified] AndroidManifest.xml:7:5-9:41
	android:targetSdkVersion
		ADDED from Shimmer_Java_Android_API_v2.10/Shimmer3DOrientationExample/AndroidManifest.xml:8:9-38
	android:minSdkVersion
		ADDED from Shimmer_Java_Android_API_v2.10/Shimmer3DOrientationExample/AndroidManifest.xml:7:9-35
uses-permission#android.permission.BLUETOOTH_ADMIN
ADDED from Shimmer_Java_Android_API_v2.10/Shimmer3DOrientationExample/AndroidManifest.xml:9:5-90
	android:name
		ADDED from Shimmer_Java_Android_API_v2.10/Shimmer3DOrientationExample/AndroidManifest.xml:9:22-71
uses-permission#android.permission.BLUETOOTH
ADDED from Shimmer_Java_Android_API_v2.10/Shimmer3DOrientationExample/AndroidManifest.xml:10:2-81
	android:name
		ADDED from Shimmer_Java_Android_API_v2.10/Shimmer3DOrientationExample/AndroidManifest.xml:10:19-62
application
ADDED from Shimmer_Java_Android_API_v2.10/Shimmer3DOrientationExample/AndroidManifest.xml:11:5-29:19
MERGED from [Shimmer_Java_Android_API_v2.10:ShimmerAndroidInstrumentDriver:unspecified] AndroidManifest.xml:11:5-15:19
	android:allowBackup
		ADDED from [Shimmer_Java_Android_API_v2.10:ShimmerAndroidInstrumentDriver:unspecified] AndroidManifest.xml:12:9-35
	android:label
		ADDED from Shimmer_Java_Android_API_v2.10/Shimmer3DOrientationExample/AndroidManifest.xml:11:46-78
	android:debuggable
		ADDED from Shimmer_Java_Android_API_v2.10/Shimmer3DOrientationExample/AndroidManifest.xml:11:20-45
	android:theme
		ADDED from [Shimmer_Java_Android_API_v2.10:ShimmerAndroidInstrumentDriver:unspecified] AndroidManifest.xml:14:9-40
activity#com.shimmerresearch.orientationexample.Shimmer3DOrientationExample
ADDED from Shimmer_Java_Android_API_v2.10/Shimmer3DOrientationExample/AndroidManifest.xml:13:9-22:20
	android:screenOrientation
		ADDED from Shimmer_Java_Android_API_v2.10/Shimmer3DOrientationExample/AndroidManifest.xml:14:14-50
	android:label
		ADDED from Shimmer_Java_Android_API_v2.10/Shimmer3DOrientationExample/AndroidManifest.xml:15:19-51
	android:name
		ADDED from Shimmer_Java_Android_API_v2.10/Shimmer3DOrientationExample/AndroidManifest.xml:13:19-100
intent-filter#android.intent.action.MAIN+android.intent.category.LAUNCHER
ADDED from Shimmer_Java_Android_API_v2.10/Shimmer3DOrientationExample/AndroidManifest.xml:18:13-21:29
action#android.intent.action.MAIN
ADDED from Shimmer_Java_Android_API_v2.10/Shimmer3DOrientationExample/AndroidManifest.xml:19:17-69
	android:name
		ADDED from Shimmer_Java_Android_API_v2.10/Shimmer3DOrientationExample/AndroidManifest.xml:19:25-66
category#android.intent.category.LAUNCHER
ADDED from Shimmer_Java_Android_API_v2.10/Shimmer3DOrientationExample/AndroidManifest.xml:20:17-77
	android:name
		ADDED from Shimmer_Java_Android_API_v2.10/Shimmer3DOrientationExample/AndroidManifest.xml:20:27-74
activity#com.shimmerresearch.orientationexample.DeviceListActivity
ADDED from Shimmer_Java_Android_API_v2.10/Shimmer3DOrientationExample/AndroidManifest.xml:23:9-26:20
	android:label
		ADDED from Shimmer_Java_Android_API_v2.10/Shimmer3DOrientationExample/AndroidManifest.xml:24:19-56
	android:theme
		ADDED from Shimmer_Java_Android_API_v2.10/Shimmer3DOrientationExample/AndroidManifest.xml:25:19-62
	android:name
		ADDED from Shimmer_Java_Android_API_v2.10/Shimmer3DOrientationExample/AndroidManifest.xml:23:19-91
activity#com.shimmerresearch.orientationexample.ConfigureActivity
ADDED from Shimmer_Java_Android_API_v2.10/Shimmer3DOrientationExample/AndroidManifest.xml:27:9-172
	android:label
		ADDED from Shimmer_Java_Android_API_v2.10/Shimmer3DOrientationExample/AndroidManifest.xml:27:135-160
	android:theme
		ADDED from Shimmer_Java_Android_API_v2.10/Shimmer3DOrientationExample/AndroidManifest.xml:27:91-134
	android:name
		ADDED from Shimmer_Java_Android_API_v2.10/Shimmer3DOrientationExample/AndroidManifest.xml:27:19-90